<?xml version="1.0" encoding="UTF-8"?>
<!-- Generated by org.testng.reporters.JUnitXMLReporter -->
<testsuite ignored="4" hostname="DESKTOP-SE2CFHJ" failures="0" tests="2" name="Test" time="129.738" errors="0" timestamp="2022-08-11T16:11:15 IST">
  <testcase classname="com.crm.Sdet.campagin.CreateCampaignTest" name="createProduct" time="46.778"/>
  <testcase classname="com.crm.Sdet.organization.CreateOrganizationTest" name="createOrganization" time="49.28"/>
  <testcase classname="comcast.vtiger.genericUtility.BaseClass" name="@BeforeSuite BS" time="0.0">
    <ignored/>
  </testcase> <!-- @BeforeSuite BS -->
  <testcase classname="comcast.vtiger.genericUtility.BaseClass" name="@AfterTest AT" time="0.0">
    <ignored/>
  </testcase> <!-- @AfterTest AT -->
  <testcase classname="comcast.vtiger.genericUtility.BaseClass" name="@BeforeTest BT" time="0.0">
    <ignored/>
  </testcase> <!-- @BeforeTest BT -->
  <testcase classname="comcast.vtiger.genericUtility.BaseClass" name="@AfterSuite AS" time="0.0">
    <ignored/>
  </testcase> <!-- @AfterSuite AS -->
</testsuite> <!-- Test -->
