<?xml version="1.0" encoding="UTF-8"?>
<testng-results ignored="0" total="1" passed="1" failed="0" skipped="0">
  <reporter-output>
  </reporter-output>
  <suite started-at="2022-08-12T10:28:52 IST" name="Default suite" finished-at="2022-08-12T10:28:52 IST" duration-ms="91">
    <groups>
    </groups>
    <test started-at="2022-08-12T10:28:52 IST" name="Default test" finished-at="2022-08-12T10:28:52 IST" duration-ms="91">
      <class name="Practise.RunTimeParameterFromEclipse">
        <test-method signature="getRunTimeData()[pri:0, instance:Practise.RunTimeParameterFromEclipse@3c73951]" started-at="2022-08-12T10:28:52 IST" name="getRunTimeData" finished-at="2022-08-12T10:28:52 IST" duration-ms="15" status="PASS">
          <reporter-output>
          </reporter-output>
        </test-method> <!-- getRunTimeData -->
      </class> <!-- Practise.RunTimeParameterFromEclipse -->
    </test> <!-- Default test -->
  </suite> <!-- Default suite -->
</testng-results>
